-7.0538 -7.05167
-7.04761 -7.04451
-6.92028 -6.91006
-6.91818 -6.92107
-7.08055 -7.09112
-7.16724 -7.16797
-7.38256 -7.37246
-7.2005 -7.1969
-7.10098 -7.10438
-6.75438 -6.75189
-7.76223 -7.74369
-6.88821 -6.88405
-7.02371 -7.00943
-6.97647 -6.99229
-7.11026 -7.11751
-6.83897 -6.84659
-7.43337 -7.39985
-7.06078 -7.06787
-6.92718 -6.9303
-7.07421 -7.06517
-7.08053 -7.08921
-7.08994 -7.09719
-7.74301 -7.74441
-7.03843 -7.03861
-7.04508 -7.05259
-6.97953 -6.98876
-7.06279 -7.06231
-6.65516 -6.62866
-6.70336 -6.69653
-7.07856 -7.08194
-7.62904 -7.63552
-7.00024 -7.0053
-7.65204 -7.66244
-7.70437 -7.70317
-7.05043 -7.05086
-7.09652 -7.09688
-6.5847 -6.56412
-7.83339 -7.82654
-7.19588 -7.19811
-7.3175 -7.29698
-6.95012 -6.94462
-7.00185 -7.01059
-7.04811 -7.05681
-7.02011 -7.02426
-7.01811 -7.00891
-7.11108 -7.1198
-6.95484 -6.95513
-7.17317 -7.17485
-7.00604 -7.01294
-7.1702 -7.14495
-7.00117 -7.01136
-7.06899 -7.06365
-7.03832 -7.05028
-6.68806 -6.68002
-7.04645 -7.03521
-7.18191 -7.18008
-6.91898 -6.92163
-7.71552 -7.71158
-7.76941 -7.76691
-6.66235 -6.65483
-6.90052 -6.91931
-7.05296 -7.06419
-6.88634 -6.88511
-6.98206 -7.00442
-7.1883 -7.19188
-7.02103 -7.02853
-7.38857 -7.37422
-7.17943 -7.16872
-7.02566 -7.03191
-6.62963 -6.60696
-6.87513 -6.87179
-6.90599 -6.90252
-7.088 -7.09054
-7.01301 -7.00899
-7.06321 -7.06684
-7.04322 -7.05508
-7.67818 -7.65407
-6.87152 -6.88257
-7.1905 -7.19049
-7.8517 -7.84645
-6.96597 -6.96982
-7.09897 -7.11344
-7.15173 -7.15604
-7.16928 -7.17001
-7.0711 -7.08188
-7.08458 -7.07956
-7.03502 -7.03688
-6.992 -7.00496
-7.12164 -7.13443
-6.67357 -6.64453
-7.86743 -7.8848
-6.82952 -6.83105
-7.86768 -7.88452
-6.50085 -6.49714
-6.91246 -6.92042
-7.75273 -7.75755
-7.14608 -7.14164
-7.13099 -7.14282
-7.0544 -7.05982
-7.88149 -7.8741
-7.03821 -7.04383
-6.79061 -6.81325
-7.47159 -7.46456
-6.87899 -6.86451
-7.06698 -7.06416
-7.02856 -7.02204
-7.84293 -7.84283
-6.7123 -6.70141
-7.07129 -7.07449
-7.17804 -7.18212
-6.89828 -6.9052
-6.83032 -6.83217
-6.95651 -6.97052
-6.78612 -6.80458
-6.85466 -6.8615
-6.98701 -6.98799
-6.99296 -7.00073
-7.04387 -7.04735
-6.97446 -6.98838
-7.6529 -7.64102
-7.61155 -7.58353
-7.82056 -7.81073
-7.33346 -7.31963
-6.9166 -6.92882
-6.98946 -6.98752
-7.63365 -7.6283
-6.98333 -6.97835
-7.12405 -7.13573
-6.35131 -6.34914
-7.8559 -7.87754
-7.01681 -7.012
-7.04669 -7.04817
-7.18453 -7.19046
-7.46869 -7.44669
-7.01297 -7.01161
-7.03686 -7.04253
-6.85314 -6.84272
-7.72026 -7.71711
-7.55649 -7.53125
-7.64109 -7.64902
-7.71603 -7.7115
-7.07168 -7.08238
-7.39414 -7.37159
-7.01241 -7.0151
-7.00175 -7.01042
-7.73928 -7.73039
-6.93701 -6.94614
-7.03096 -7.0446
-7.71714 -7.72069
-6.96434 -6.97279
-7.03893 -7.04087
-7.01159 -7.022
-7.71353 -7.71109
-7.07546 -7.11055
-7.49136 -7.47254
-7.69908 -7.68775
-7.04644 -7.06568
-7.02081 -7.02153
-7.00601 -7.01356
-7.13006 -7.13551
-7.79698 -7.79216
-7.02358 -7.02726
-6.9234 -6.939
-7.79243 -7.77785
-7.71528 -7.72018
-7.02813 -7.03744
-7.10423 -7.10998
-6.57446 -6.55001
-6.94303 -6.94711
-7.0783 -7.08397
-7.0131 -7.01534
-6.83435 -6.83844
-7.12363 -7.14297
-7.50434 -7.47708
-6.97233 -6.97681
-7.88671 -7.88753
-6.8352 -6.83781
-7.05351 -7.05398
-7.04332 -7.05885
-7.50939 -7.50055
-6.91237 -6.90673
-7.84456 -7.8454
-6.88089 -6.90769
-6.9713 -6.97749
-7.15677 -7.16935
-7.09404 -7.10444
-6.96819 -6.96578
-7.50795 -7.52463
-6.9189 -6.92031
-7.07187 -7.0761
-7.3264 -7.31466
-6.9347 -6.93656
-7.36419 -7.35065
-6.98871 -6.99154
-7.1816 -7.19548
-7.05199 -7.05391
-7.17223 -7.17342
-6.98984 -7.00107
-7.64216 -7.65109
-7.65901 -7.65172
-6.77313 -6.76865
-7.87379 -7.87123
-7.17614 -7.17594
-7.03023 -7.02766
-7.17512 -7.1756
-6.77255 -6.76072
-7.07346 -7.06252
-7.19086 -7.19035
-7.14554 -7.16072
-6.93701 -6.94108
-7.47672 -7.45434
-6.89334 -6.89045
-7.90547 -7.89649
-6.56954 -6.5644
-7.7779 -7.7723
-7.05325 -7.05426
-7.88003 -7.88252
-7.48086 -7.49799
-7.08146 -7.0751
-7.06675 -7.0701
-7.01401 -7.01612
-7.02249 -7.03022
-7.06998 -7.06925
-7.09941 -7.12809
-6.91689 -6.9227
-7.8624 -7.86859
-7.19182 -7.19138
-6.99704 -7.01825
-7.01207 -7.01931
-7.14323 -7.15058
-7.31774 -7.29272
-6.99639 -7.0018
-7.87078 -7.88758
-6.99429 -7.00152
-7.0054 -7.01173
-7.74891 -7.74967
-7.65496 -7.64707
-6.94925 -6.93834
-7.13658 -7.14475
-6.74841 -6.73277
-7.75272 -7.75893
-6.99162 -6.99217
-6.9798 -6.98604
-6.90074 -6.89821
-7.07916 -7.06719
-7.10166 -7.11894
-7.72245 -7.70547
-6.96636 -6.96489
-6.95762 -6.96432
-7.00958 -7.01319
-7.76239 -7.75934
-7.17438 -7.17837
-7.00628 -7.01944
-6.95075 -6.95933
-7.58899 -7.58736
-7.51928 -7.51187
-7.9211 -7.92747
-7.63128 -7.6182
-7.72509 -7.71959
-7.59551 -7.57968
-7.4763 -7.45162
-7.68607 -7.69868
-7.76897 -7.7828
-7.79294 -7.79637
-7.88232 -7.88842
-7.5705 -7.56107
-7.60201 -7.59683
-7.72688 -7.73002
-7.61217 -7.60535
-7.76221 -7.77183
-7.74852 -7.75472
-7.60132 -7.5748
-7.60377 -7.59273
-7.73249 -7.72891
-7.72458 -7.73626
-7.89939 -7.92175
-7.77297 -7.7538
-7.64271 -7.6115
-7.64997 -7.64703
-7.78845 -7.79552
-7.51853 -7.5207
-7.85497 -7.87071
-7.89018 -7.88934
-7.84374 -7.83995
-7.75504 -7.74229
-7.68613 -7.6789
-7.83744 -7.85097
-7.63993 -7.62611
-7.65386 -7.65667
-7.69096 -7.66935
-7.67803 -7.69234
-7.67867 -7.67388
-7.60632 -7.60047
-7.66039 -7.64033
-7.61349 -7.59536
-7.60212 -7.58577
-7.74424 -7.74736
-7.91422 -7.9265
-7.74382 -7.74955
-7.72898 -7.74655
-7.41876 -7.41025
-7.62914 -7.63472
-7.83916 -7.82188
-7.69494 -7.66072
-7.63734 -7.5964
