-0.597999 -0.378664 -0.39569 0.25429 -0.234901 0.133992 -0.615535 -0.387956 -0.415299 0.280003 -0.254813 0.0852098
0.0570495 1.00411 0.435574 0.37584 0.574613 0.25512 0.0269533 1.06204 0.436505 0.392553 0.608585 0.24931
1.90022 0.794609 1.86358 -0.340339 0.81354 -0.700738 1.90296 0.824232 1.92591 -0.35448 0.838359 -0.65949
2.47748 0.974974 1.92724 0.1587 0.543067 0.705604 2.49357 1.00169 1.87177 0.145025 0.540157 0.766395
0.268353 1.30095 1.46034 -0.17036 -0.0320809 0.144899 0.235026 1.25187 1.46333 -0.122055 0.0217866 0.133021
0.458176 0.118813 0.213788 -0.0630296 -0.00234327 -0.0027102 0.462603 0.126418 0.202421 -0.0941898 -0.0138186 0.0147082
0.0129688 -0.035919 0.0536968 0.0164339 0.0156215 0.00788808 -0.00965908 -0.0190607 0.0214566 -0.0217487 0.0132741 -0.0377324
0.377033 0.361843 0.140981 -0.114744 0.0149563 0.0876057 0.370764 0.369584 0.140601 -0.141296 0.0107 0.0933029
-1.11236 -0.436462 -0.479974 0.180786 0.0152238 0.0892424 -1.16162 -0.412698 -0.440521 0.15356 0.0283326 0.0855025
3.33043 1.67637 2.7728 -0.755215 1.10944 -0.417551 3.33169 1.68123 2.76054 -0.760509 1.11704 -0.381953
-0.0355288 0.0400999 -0.22018 -0.00519687 -0.0376163 -0.109283 -0.0515331 0.0238573 -0.207411 -0.0498124 -0.0643336 -0.101989
2.06954 0.735324 0.502325 0.271385 -0.194883 0.150073 2.12771 0.689222 0.465572 0.25712 -0.218906 0.172982
0.164063 1.12835 0.676775 -0.244426 0.631727 -0.276762 0.135135 1.15573 0.685316 -0.276904 0.635748 -0.283096
1.28211 0.621379 0.16607 -0.353544 0.11399 -0.0929444 1.28163 0.616302 0.120606 -0.357881 0.0899571 -0.0825898
1.07489 0.609792 1.40291 -0.323477 0.608054 -0.29718 1.04237 0.602758 1.41482 -0.335386 0.638568 -0.29441
1.51881 0.555007 0.861783 0.12045 -0.295165 -0.692176 1.48071 0.535984 0.850472 0.164313 -0.275082 -0.690426
0.0475714 0.110501 0.0266492 -0.0444238 0.037381 0.0115889 0.0187671 0.105905 0.0438905 -0.046533 0.037496 0.0305816
0.835871 0.444206 0.456703 0.553332 0.265869 0.179757 0.869218 0.432923 0.454145 0.519352 0.256374 0.157601
0.832194 1.07114 1.22485 0.00414653 -0.0724576 0.113222 0.843134 1.03841 1.21188 -0.00171646 -0.0353526 0.111427
0.523641 -0.0853444 0.57356 -0.18577 -0.206569 -0.16636 0.539835 -0.138587 0.60783 -0.227384 -0.189912 -0.17486
0.603285 -0.0192368 -0.376855 -0.617049 -0.421392 -0.313403 0.602114 -0.0217136 -0.424035 -0.645893 -0.415045 -0.299632
-0.143404 -0.25621 0.283911 0.232673 0.224216 0.515895 -0.141056 -0.262981 0.304397 0.235326 0.226899 0.550154
0.0888321 0.241091 0.211293 -0.00926792 0.0669476 0.158348 0.115466 0.246478 0.242015 0.0200517 0.0662842 0.120452
1.08678 0.0099294 0.0322599 -0.147092 0.01983 0.189214 1.0843 -0.00397683 0.0139089 -0.170382 -0.0162874 0.175798
1.69503 0.218844 0.78193 0.264129 0.339756 -0.0537605 1.69441 0.205396 0.768625 0.307562 0.342697 0.0125559
-0.100164 0.439415 1.5239 0.0814016 -0.492056 0.00983278 -0.14345 0.373023 1.52984 0.0555225 -0.539772 0.00285202
0.362326 -0.352583 0.222183 0.241224 -0.145258 0.176139 0.360868 -0.323875 0.201325 0.236744 -0.147385 0.209726
0.169507 1.533 1.22125 0.126795 1.14236 0.392083 0.157019 1.58254 1.15731 0.19235 1.13442 0.47166
-0.283052 0.692363 1.53727 -0.0326616 0.473796 -0.243792 -0.197769 0.70039 1.49267 -0.0828903 0.465273 -0.253598
0.193673 -0.394773 -0.500166 0.0604572 0.452454 -0.0587597 0.236081 -0.471884 -0.500362 0.0402857 0.456592 -0.0807395
0.0697406 0.244346 0.24333 0.0855512 0.0984089 -0.0695454 0.0471791 0.236591 0.272518 0.0768852 0.101131 -0.0611635
0.417736 0.646508 1.87227 0.0104574 0.854166 -0.198353 0.426099 0.664169 1.90776 -0.0092449 0.892439 -0.197624
-0.000919905 -0.0289233 -0.0224775 -0.0245416 -0.00979691 0.0327559 -0.0126598 -0.033205 -0.0143441 -0.0221455 -0.00994957 0.0204753
0.0518818 -0.170483 0.0781253 0.0526251 0.000293815 0.0262757 0.072857 -0.163622 0.0543191 0.0306815 -0.0188817 0.0218322
0.867938 0.397355 -0.0642579 0.666124 -0.112387 0.510138 0.886444 0.345479 -0.0760705 0.662181 -0.128481 0.49673
0.28765 -0.323027 0.211424 -0.0601373 0.293264 0.401572 0.311622 -0.306065 0.229408 -0.115597 0.295557 0.393452
1.60468 1.12185 1.0107 0.205404 0.652972 0.105897 1.54008 1.14685 1.01357 0.168283 0.62226 0.0992213
0.0543151 0.161286 0.0762704 -0.0960965 -0.10224 0.0321501 0.0785412 0.159012 0.0679024 -0.0694118 -0.136152 0.0401351
0.194714 0.0846016 0.170242 -0.0548268 -0.0706694 0.00305408 0.17714 0.094318 0.173294 -0.0635632 -0.107897 -0.027979
0.0349297 0.0469899 -0.049091 -0.0589297 0.00180551 0.00135312 0.031604 0.0626423 -0.0499884 -0.0711033 0.0333149 -0.0295694
0.0303191 1.63695 0.793932 -0.268918 0.732806 -0.00367094 -0.00697667 1.68477 0.83253 -0.227976 0.762571 -0.0138928
1.71287 0.401558 0.853571 0.0304201 -0.0897297 0.138661 1.74422 0.413444 0.847684 -0.0263161 -0.0651747 0.0714539
0.617949 0.57053 1.13955 -0.0489668 0.425493 0.196218 0.586979 0.559817 1.1246 -0.0447398 0.428568 0.229134
-0.488051 -1.08353 1.57641 0.454832 -0.189624 0.166882 -0.48194 -1.14382 1.58715 0.456513 -0.230567 0.190247
0.731207 0.663324 0.825318 -0.0374905 -0.0939386 0.095401 0.699185 0.611421 0.801031 -0.0446977 -0.104368 0.138184
1.30774 -0.210516 -0.517759 -0.127705 -0.389661 -0.403544 1.33466 -0.224066 -0.500999 -0.141274 -0.382451 -0.406596
1.01554 1.02228 1.75089 -0.493825 0.499616 -0.529507 1.02266 1.04179 1.76789 -0.544924 0.511107 -0.554895
0.19107 -0.00991895 0.230784 -0.0960012 -0.079048 0.0142737 0.181905 0.0173759 0.211231 -0.133316 -0.101704 0.0349846
0.0858901 0.58781 1.97941 0.0874778 0.0753636 -0.154635 0.0624978 0.562065 2.00177 0.0754037 0.110552 -0.182387
0.296647 -0.132943 0.248503 -0.0783107 -0.0292825 0.0857095 0.222609 -0.116898 0.239058 -0.0446071 -0.0357298 0.105964
1.52914 0.653346 1.31716 -0.475318 0.580854 -0.625324 1.56191 0.676952 1.30216 -0.480647 0.600169 -0.632791
-0.471981 0.800595 1.61102 0.360026 0.724423 -0.168749 -0.507659 0.814258 1.61768 0.364592 0.75372 -0.113823
-0.0112218 0.784594 0.836222 0.363115 0.13288 0.26521 0.0343071 0.817203 0.847536 0.335641 0.175406 0.230337
1.494 0.84666 1.32088 -0.00215046 0.425841 0.524735 1.43371 0.840487 1.31051 0.0188892 0.42271 0.544209
-0.0673785 0.377669 0.524355 0.0964665 0.335056 -0.152724 -0.0309332 0.397399 0.507921 0.109101 0.336208 -0.117014
0.195612 0.271268 0.216546 -0.0360196 -0.00651475 0.0241767 0.170285 0.278394 0.238091 -0.0702662 -0.0413672 0.0158847
0.292794 0.7355 2.49088 0.0296621 0.913528 0.503185 0.285798 0.724939 2.50055 0.0207587 0.934909 0.554475
0.215845 -0.0546397 0.202207 -0.0521794 -0.0175314 -0.0557049 0.255956 -0.0530993 0.220387 -0.0685109 -0.0067338 -0.0557642
0.0116812 -0.0571132 -0.00661599 0.0336889 -0.0028941 -0.0814362 0.0380769 -0.0693816 -0.014655 0.0217942 -0.0070946 -0.0610649
1.6592 -0.0747205 0.0973118 -0.102302 -0.272748 -0.377482 1.63257 -0.0388089 0.088303 -0.0810984 -0.307577 -0.358927
0.118354 -0.653482 -0.242961 -0.0326158 0.328821 -0.110506 0.016745 -0.624256 -0.229002 -0.0147805 0.302011 -0.113004
0.188179 0.623647 1.10841 0.229033 0.631193 0.505674 0.131172 0.617585 1.11996 0.223048 0.616522 0.517051
1.89934 2.00996 1.04187 -0.763749 0.63256 -0.145843 1.92393 2.03489 1.01365 -0.778238 0.629201 -0.163187
1.17347 0.19235 0.374252 0.0703095 0.224161 0.0511187 1.15232 0.210518 0.422067 0.0406544 0.285439 0.00883762
0.0921413 0.280281 0.380445 0.0576868 -0.144102 0.0692788 0.0973022 0.29877 0.40325 0.0234707 -0.172536 0.0460023
-0.556426 0.319401 0.504576 -0.182275 0.327708 -0.00533914 -0.563545 0.273107 0.502989 -0.20613 0.309412 0.0313565
0.0830091 -0.0321172 -0.0117172 0.0477989 0.0128235 -0.0136591 0.0873026 -0.0750497 -0.00121566 0.0672443 0.0458055 0.0214108
0.332017 0.0613707 0.257068 0.00601951 -0.000990067 0.0315056 0.320269 0.0858847 0.26883 -0.00240195 0.00946092 0.0368838
-1.02442 -0.117559 -0.80134 0.173152 -0.217474 0.112238 -1.02502 -0.111674 -0.796138 0.169476 -0.192294 0.144293
-0.0800947 -0.685412 -0.00779228 -0.111801 -0.148323 0.214432 -0.119248 -0.658563 -0.0614354 -0.12037 -0.170192 0.201124
0.94767 0.865064 0.876585 -0.00581481 0.088516 0.218805 0.967589 0.825754 0.900506 -0.0137639 0.0897713 0.195828
0.925203 1.10961 1.06532 -0.0260925 -0.120023 0.171424 0.932656 1.11508 1.06548 -0.0760039 -0.130991 0.177263
-0.254 0.547245 1.50557 0.170902 0.747638 0.461079 -0.291087 0.519282 1.54937 0.158022 0.769426 0.455056
-0.299507 0.0831547 0.458929 -0.0419434 0.0259776 0.171162 -0.336381 0.0645682 0.501851 -0.0440702 0.0212374 0.11992
-0.0965923 0.0747693 -0.369268 0.0682513 -0.0594437 0.0377339 -0.076274 0.0750811 -0.411943 0.0130884 -0.0589758 0.0194891
1.37841 0.356749 1.40105 0.284107 0.349001 0.344964 1.39571 0.352094 1.40304 0.291481 0.357497 0.382993
0.139824 0.0279523 0.101308 -0.0367513 0.0586615 0.0497961 0.120076 0.0581046 0.124454 -0.0376969 0.0655689 0.0686541
0.006014 0.564528 1.19036 -0.0942765 0.385518 0.164226 -0.0274437 0.608939 1.19923 -0.103995 0.401047 0.127298
0.16245 0.237195 0.405741 -0.00617163 -0.0442684 -0.0430077 0.140582 0.2309 0.400871 -0.0100103 -0.0794685 -0.0598803
-0.0689793 0.085708 0.0118278 0.00521029 -0.0921778 -0.0085757 -0.0468224 0.0682956 -0.0152265 -0.0254387 -0.0988918 -0.012202
0.589434 1.06477 0.38018 -0.433604 0.414294 0.314266 0.606822 1.04263 0.406696 -0.420324 0.42522 0.348719
1.50331 0.0529149 -0.630337 -0.307415 -0.279373 -0.0778828 1.51045 0.0537249 -0.646191 -0.315581 -0.280251 -0.0524566
0.153102 0.0941805 -0.0601746 -0.102519 -0.0751431 0.299319 0.164115 0.0808002 -0.0517764 -0.104316 -0.0519558 0.288226
0.35178 0.275387 0.286699 -0.0322588 -0.00736015 0.101483 0.33043 0.279669 0.284448 -0.0645969 -0.0252197 0.113399
-0.142797 -0.593547 -0.925217 0.105794 -0.132223 0.272089 -0.123009 -0.570143 -0.929648 0.0850526 -0.129789 0.268303
0.817808 0.374183 0.705554 -0.0860771 0.505376 -0.143441 0.785825 0.369933 0.749467 -0.056413 0.523425 -0.107957
1.66911 0.458944 0.378284 0.740829 0.189548 0.190713 1.66628 0.453781 0.355977 0.733628 0.181035 0.175864
2.15729 0.220113 0.357526 0.362332 -0.299251 0.0407175 2.10651 0.206683 0.355278 0.346492 -0.295933 0.00511286
0.500444 0.0271646 -0.374912 -0.652091 -0.228826 -0.383724 0.538627 0.0306457 -0.407512 -0.651419 -0.2207 -0.361227
0.916578 2.09298 1.04396 -0.755903 -0.132985 0.00482617 0.921137 2.16968 1.03643 -0.74475 -0.129105 0.0230208
-0.0500851 -0.0881554 0.000877424 -0.0149377 0.047089 -0.0234502 -0.0320024 -0.109784 -0.0257222 -0.037956 0.0575048 -0.0249206
0.963825 0.125594 1.91771 -0.361543 -0.560296 0.553684 1.02268 0.0590479 1.95948 -0.404789 -0.527479 0.55175
-0.159642 -0.142131 -0.329897 -0.0249323 0.0287395 -0.0409726 -0.134489 -0.179697 -0.336911 -0.0117137 0.042936 -0.0215327
1.77612 1.49831 0.866975 -0.495012 -0.422144 0.391748 1.73076 1.48314 0.835192 -0.481955 -0.441636 0.402519
2.40952 0.732594 1.03213 -0.748338 0.25617 0.163317 2.41588 0.677153 0.995437 -0.747317 0.215618 0.173087
0.0777427 0.0452129 0.30981 0.0214147 0.0567728 0.138002 0.0846337 0.042818 0.264522 0.0503739 0.0887711 0.14063
1.02848 0.112228 0.475832 -0.158861 0.124535 0.0701125 1.00993 0.146473 0.506442 -0.177527 0.157371 0.0799245
-0.60253 -0.318433 0.489268 0.411788 0.00624382 0.348574 -0.588804 -0.337799 0.532378 0.423371 0.0322217 0.369985
-0.655644 -0.545922 -0.130958 0.125511 -0.167613 -0.0842644 -0.684219 -0.538746 -0.14089 0.167504 -0.146003 -0.0963817
-0.0452793 -0.0318017 -0.140205 0.0464627 0.0814477 0.0336326 -0.0756104 -0.0474347 -0.0970684 0.0467715 0.0702602 0.0462734
0.998079 -0.0871781 0.0635204 -0.0451982 -0.116641 0.303672 1.01155 -0.0975045 0.034758 -0.078451 -0.155051 0.274819
2.04983 0.589424 0.662553 -0.153857 -0.539062 -0.399314 2.03249 0.57526 0.648958 -0.113714 -0.528273 -0.394145
-0.154849 -0.0949645 -0.0755296 -0.0737488 -0.0338346 -0.00922293 -0.209745 -0.0837133 -0.0730828 -0.0840612 -0.00750653 0.0123601
-0.211149 -0.739474 -0.208602 0.325689 -0.373314 0.255163 -0.178769 -0.722542 -0.246823 0.26111 -0.367345 0.258798
-0.539934 0.822339 -0.0298307 -0.146476 0.523159 -0.264019 -0.516199 0.828746 -0.0266258 -0.150196 0.523156 -0.273517
1.63979 1.15839 0.148062 -0.449921 0.272684 -0.24661 1.63175 1.14996 0.112289 -0.435868 0.264048 -0.275022
0.0099103 -0.0565186 0.0753997 0.0270265 -0.0342411 0.0215922 0.0232921 -0.0619535 0.103838 0.0445839 -0.0787855 0.046486
-0.112402 -0.203122 1.57502 0.0960504 0.0933499 -0.501882 -0.112415 -0.211995 1.57269 0.0383571 0.0992815 -0.528994
1.33279 1.23563 0.232898 -0.727352 -0.0406188 -0.367262 1.28931 1.20431 0.203913 -0.731477 -0.0390706 -0.350671
0.209836 0.482901 0.346584 0.0103311 -0.138325 -0.110877 0.221056 0.452127 0.346408 -0.0122066 -0.160687 -0.142742
1.28293 1.07463 2.54655 -0.317759 1.14899 -0.829562 1.29834 1.09189 2.53645 -0.366855 1.16833 -0.855835
2.00909 0.676376 1.25244 0.371745 0.835713 0.29024 2.09237 0.692586 1.22717 0.369012 0.813397 0.237254
2.75623 0.289856 1.3911 -0.546128 0.331807 -0.352854 2.76701 0.290222 1.35997 -0.543164 0.333306 -0.299994
-0.412038 0.311884 0.740726 -0.475704 -0.192388 0.386846 -0.413891 0.303596 0.75521 -0.499244 -0.174163 0.385259
2.25949 0.881805 1.71132 -0.663126 1.0464 -0.0782146 2.17938 0.896507 1.69209 -0.710894 1.04656 -0.158019
1.21091 0.793062 0.617372 -0.801171 -0.0852457 0.0329288 1.20156 0.794722 0.581218 -0.825275 -0.0697222 0.0150691
1.44025 1.1485 -0.0577705 -0.924266 0.00269226 -0.485557 1.40024 1.11802 -0.0344838 -0.933543 -0.0153514 -0.498337
1.02605 0.788566 1.09794 0.246025 0.377362 -0.0534884 1.01172 0.750607 1.09395 0.241643 0.372038 -0.0521063
0.55173 -0.272051 1.75898 0.218179 -0.352712 0.0364544 0.587104 -0.320744 1.78248 0.22218 -0.291535 0.0099575
0.127615 0.31201 0.215531 -0.112999 -0.0303953 0.0659751 0.125661 0.29907 0.212599 -0.0982626 -0.0082908 0.0628586
-0.0460858 -0.427142 0.0805856 0.0059651 0.141926 0.00387896 -0.0498884 -0.425466 0.142509 0.00686729 0.156329 -0.00353698
0.00529973 0.0679813 -0.0213242 0.0361963 -0.0607154 0.00900977 -0.032854 0.0218342 -0.029051 0.0266682 -0.0513072 0.0361445
-0.0865265 -0.0198422 -0.105611 0.0387697 0.048419 0.0432637 -0.0702702 -0.00404927 -0.140407 0.0141486 0.0623893 0.0429648
1.28553 0.0569676 -0.562405 -0.298615 -0.432818 -0.0774959 1.30459 0.0488928 -0.568337 -0.334193 -0.427542 -0.0904846
0.880665 1.61832 0.212674 -0.395776 0.389987 -0.393633 0.902171 1.6457 0.204786 -0.439708 0.399039 -0.421901
0.157295 0.0562978 0.0536778 0.0707787 0.0164026 0.0404187 0.130508 0.0475722 0.0281652 0.0881509 0.0368599 0.0475647
-0.810143 0.644499 0.349101 0.00730742 0.355891 0.0134215 -0.886259 0.652669 0.352185 0.0371911 0.328238 -0.0325924
-0.747657 -0.277922 0.530524 0.120808 -0.146619 0.305194 -0.702118 -0.230449 0.561198 0.100292 -0.121949 0.314256
2.51913 1.77135 2.39106 -0.0247304 -0.437693 -0.743047 2.48835 1.83857 2.47765 -0.0716365 -0.428041 -0.784496
0.0584076 0.00667322 -0.0195984 0.00671585 -0.0433909 -0.0661969 0.0444533 0.0193252 -0.0730426 -0.0464115 -0.0236923 -0.0370334
0.68246 0.674553 1.25365 0.236225 0.682387 -0.0770409 0.655942 0.69814 1.22854 0.198674 0.654659 -0.102612
-0.666502 0.411535 0.484462 -0.10727 0.418933 0.479156 -0.756645 0.463409 0.47921 -0.174795 0.462229 0.453961
0.288063 -0.235387 -0.319306 -0.222997 -0.248588 0.0593689 0.30754 -0.211499 -0.306338 -0.219327 -0.23007 0.075442
-0.0758647 0.00138634 0.193324 -0.0963363 -0.016804 -0.095907 -0.129779 0.00553644 0.228247 -0.113584 -0.00538099 -0.105916
0.731018 -0.342783 0.0288245 0.154078 -0.123323 0.0668554 0.805866 -0.388627 0.0015628 0.13168 -0.156622 0.0714562
-0.449758 -1.13964 -0.100038 -0.135824 -0.300491 -0.00267123 -0.416408 -1.05872 -0.118407 -0.158027 -0.294665 -0.0271289
2.28341 1.88533 1.31265 -0.186779 0.88077 0.599657 2.22548 1.92586 1.32641 -0.177496 0.890855 0.585528
-0.0230571 -0.178576 -0.215561 0.0157874 0.0928916 0.000245111 -0.0366307 -0.159259 -0.228873 0.0120908 0.0603915 -0.00298052
0.0737731 0.116746 0.204286 -0.121042 0.104995 -0.0705597 0.0628774 0.100005 0.212425 -0.10797 0.124968 -0.0864983
-0.0471594 -0.0832495 0.0266061 -0.0510078 0.0593303 0.029989 -0.0476695 -0.0930357 0.0248941 -0.0610402 0.0673137 0.0190278
0.0177397 0.0117148 0.0717523 -0.023051 0.0472389 -0.00450818 -0.000969792 0.0476717 0.0506506 -0.0224932 0.0120678 0.0102445
2.0066 -0.31161 -0.582278 -0.557524 -0.438141 0.0056672 1.9497 -0.312331 -0.607152 -0.549573 -0.425587 -0.0191964
-0.136665 -0.168581 -0.0118042 0.0417838 -0.00330975 0.0218045 -0.147251 -0.190966 -0.00642222 0.0410004 0.0419498 0.0700179
0.601431 -0.609766 0.475859 -0.340486 -0.101916 0.286087 0.625736 -0.628794 0.442942 -0.31938 -0.118393 0.278588
0.0918114 -0.0403114 0.703132 0.432723 -0.247823 0.20687 0.0703632 -0.0421789 0.674394 0.422091 -0.225889 0.174399
0.147691 0.153435 0.273691 0.024546 -0.0496286 0.0945616 0.163515 0.124701 0.276471 0.0313726 -0.0408617 0.130729
2.01805 1.47101 1.75754 0.287832 1.16035 0.296304 1.98187 1.4653 1.72712 0.297645 1.15147 0.265038
1.20062 0.187878 0.659915 -0.0524564 -0.0502726 0.254953 1.19061 0.179224 0.648873 -0.0770064 -0.049054 0.24319
0.0989405 0.0257473 0.0591698 0.0381647 0.0944983 -0.0245411 0.0422074 0.0366658 0.0699588 0.0268956 0.0872146 -0.0415925
0.201839 1.09317 0.853087 -0.285946 0.646631 -0.354764 0.13756 1.13541 0.841633 -0.303425 0.65808 -0.357036
-1.01826 -0.71789 -0.278792 -0.249801 -0.111112 -0.131714 -0.990185 -0.716744 -0.282718 -0.250589 -0.11 -0.123759
1.22559 -0.274365 0.0262201 0.108405 -0.10371 0.130258 1.23363 -0.224567 0.0187191 0.111874 -0.127552 0.114593
0.0805515 0.0228881 0.199127 -0.0130584 -0.0322779 0.190066 0.0999798 0.0215713 0.176859 -0.0260556 -0.0313096 0.202686
-0.377749 -0.410447 -0.848841 0.195485 0.287312 -0.418881 -0.356039 -0.401462 -0.898566 0.182823 0.254915 -0.437217
0.0461478 0.121622 0.0597705 -0.00863824 0.044793 0.0540457 0.031511 0.100972 0.0705971 0.0116684 0.0512366 0.0825139
-0.0246692 -0.179746 -0.0217433 0.0243878 0.0918113 -1.84514e-05 -0.0247942 -0.184909 -0.0259167 0.0282133 0.0686111 0.000413854
-0.709223 -0.0896503 0.181741 0.371647 0.0930743 0.502524 -0.641252 -0.0463919 0.201 0.335837 0.173633 0.436972
-0.897471 0.0578331 0.516182 -0.0940217 0.336519 -0.282265 -0.984687 0.0865591 0.536886 -0.0954239 0.372439 -0.334055
-0.828306 0.194184 0.355182 -0.66793 0.0817072 -0.460443 -0.832991 0.235253 0.346424 -0.657183 0.0758466 -0.482564
0.943459 -0.163381 0.445521 0.0791559 0.107394 0.592291 0.914031 -0.150806 0.503912 0.0589598 0.133999 0.629359
-0.0107157 -0.267145 0.124097 0.0179053 -0.139118 -0.00732819 -0.0180398 -0.233666 0.102405 0.0295942 -0.107968 0.0226449
1.35983 0.546051 2.05941 0.268569 0.417307 0.708152 1.33243 0.587149 2.06951 0.279722 0.453051 0.681374
2.37003 0.574963 0.591245 -0.562183 0.292856 0.264697 2.35288 0.56743 0.5631 -0.539195 0.262182 0.26752
-0.0140319 0.0687959 -0.0916742 -0.0187107 0.122068 -0.063963 0.0279402 0.0404468 -0.115771 -0.0169614 0.118298 -0.058245
-0.125171 -0.028599 -0.0042771 0.0579038 -0.0168578 -0.00207445 -0.139217 -0.0561652 -0.0073342 0.040227 -0.0218778 0.0002283
-0.106132 -0.327376 0.733183 -0.319053 0.00412933 0.436045 -0.085859 -0.326449 0.691095 -0.330622 0.00212505 0.40441
-0.746762 0.391856 0.00553291 0.315612 0.130238 0.387512 -0.763465 0.430452 -0.0106544 0.338556 0.142494 0.397901
0.312103 0.404934 0.136077 0.130219 0.0113967 -0.117317 0.316084 0.361882 0.111905 0.0918879 0.0386172 -0.132195
0.352198 1.19241 2.27174 -0.0816614 0.836735 -0.0917659 0.351307 1.19539 2.27146 -0.074468 0.849127 -0.0746106
0.691804 0.00804233 0.195733 -0.0515123 0.267032 0.166637 0.665663 -0.00807286 0.181758 -0.0553421 0.290961 0.153313
0.563279 0.903344 0.435456 0.22363 0.233771 0.104772 0.59671 0.91146 0.410455 0.212138 0.209751 0.0856968
2.70759 1.88029 1.12935 0.0514294 0.293031 0.0952492 2.666 1.85371 1.10866 0.0246363 0.269284 0.0320375
0.0333829 0.372683 -0.232799 0.17274 -0.0116982 0.164466 0.0431379 0.344783 -0.207105 0.152749 0.00715408 0.176337
-0.0512185 -0.0454367 -0.041552 0.0903855 0.027644 -0.0362246 -0.05212 -0.0538371 -0.0263356 0.116657 0.0323135 -0.00782819
0.0505637 -0.422252 -0.000596372 0.399737 -0.00478405 -0.015715 -0.0156311 -0.387816 0.0304689 0.379128 -0.0103557 0.0581777
0.0442133 0.070976 -0.0276973 -0.00559838 -0.0294889 0.0205752 0.0656992 0.0658713 -0.0316001 -0.0167114 -0.0207096 0.0185148
1.99804 2.3251 1.13492 0.320122 0.78787 -0.467454 1.93955 2.3679 1.13131 0.310443 0.802341 -0.479776
1.6127 1.40278 0.440092 -0.156192 0.579033 0.0936176 1.64318 1.39743 0.41711 -0.16374 0.564641 0.0817745
0.0402302 0.500326 0.951033 -0.117176 0.158547 0.394592 0.0472372 0.523136 0.930545 -0.0870524 0.123004 0.361798
-0.0311082 -0.0743634 -0.166536 0.0559779 0.0388802 -0.00776532 -0.0434525 -0.053489 -0.120045 0.0682869 0.00640423 -0.0164413
1.92138 0.475947 0.541604 -0.296268 0.321437 0.533097 1.95012 0.43584 0.538087 -0.322697 0.300514 0.545088
0.33644 0.074631 -0.00404352 -0.139997 -0.0354803 0.0114869 0.318183 0.086845 -0.011401 -0.132876 -0.0357319 0.022607
2.01679 0.533911 1.00916 0.610839 -0.136471 0.115233 2.0196 0.556473 1.00253 0.583872 -0.0499134 0.10222
1.76819 0.526667 2.19404 0.00237931 0.638681 0.0162689 1.76573 0.525943 2.20881 -0.0247481 0.648814 -0.0161868
-0.467466 0.0829305 1.56527 -0.107248 0.415988 0.32223 -0.46332 0.0944966 1.58128 -0.131545 0.423625 0.324993
-0.174921 -0.97054 -0.0816032 0.266185 0.188706 0.0211145 -0.181101 -1.0165 -0.0873604 0.254055 0.18645 0.0356378
-0.631595 0.993137 0.222537 0.486981 0.708703 0.177079 -0.580133 1.05604 0.247623 0.503861 0.745619 0.172583
0.110036 0.0535633 0.0107191 -0.00752249 0.0657204 0.0260748 0.0991509 0.0730979 0.0127047 -0.00296038 0.0745805 0.02688
0.80099 0.962329 0.97866 0.0221366 0.0418192 0.166964 0.808592 0.923671 1.0145 0.00302172 0.0033098 0.158885
0.50785 1.00579 0.898602 -0.292527 0.430096 0.0325626 0.463013 0.996117 0.884715 -0.308395 0.40219 0.00801247
0.0294856 0.032498 -0.0782401 -0.03488 -0.0163991 0.024123 0.0315185 0.0510805 -0.0718392 -0.0436468 -0.0104892 0.0554479
1.25655 0.667664 0.413836 -0.443027 0.128679 0.192716 1.32608 0.676284 0.397204 -0.412004 0.133765 0.151364
-0.130174 -0.13454 0.025233 -0.0390202 -0.00846911 -0.0337447 -0.131583 -0.123314 0.0126928 -0.0301762 -0.00569663 -0.0646941
1.4929 0.355483 0.94722 -0.352126 0.597053 -0.259848 1.55238 0.382636 0.940731 -0.349011 0.584553 -0.272738
-0.378542 -0.34052 -0.967304 0.086579 -0.2802 0.0666172 -0.363413 -0.375378 -1.0165 0.0648661 -0.293002 0.0620016
0.795029 -0.165102 0.0397731 -0.41175 0.145981 -0.199657 0.778767 -0.134797 0.0426349 -0.393379 0.163185 -0.212178
0.134973 0.186667 0.421884 0.0930423 -0.149173 -0.121288 0.122886 0.188349 0.427423 0.0804963 -0.178963 -0.133213
1.44386 0.244133 1.47553 -0.0910422 0.646576 -0.315386 1.47151 0.224313 1.4666 -0.0825439 0.641766 -0.323919
0.0148029 -0.0356244 0.125174 -0.0226452 0.050093 -0.0622365 0.0114691 -0.0280373 0.142123 -0.031223 0.0461757 -0.0783498
-0.0805133 -0.16333 -0.167471 0.028982 -0.0815764 -0.00747441 -0.0800521 -0.148537 -0.221938 0.00688058 -0.0808922 -0.00411308
0.94455 0.367323 0.658355 -0.0193229 -0.0134682 0.372625 0.925185 0.340303 0.648429 -0.0393481 -0.0128289 0.335927
0.0395383 -0.0264507 0.00110342 -0.04626 0.105599 0.0856689 0.049488 -0.0289462 -0.0209556 -0.0591224 0.111379 0.0912172
0.0846525 0.381987 0.339601 0.10939 -0.0798255 -0.0275426 0.0702284 0.426529 0.328792 0.102199 -0.0864299 -0.061113
0.740115 -0.0345177 -0.514931 0.425376 -0.244751 0.112417 0.726311 -0.0049471 -0.531002 0.433894 -0.237472 0.106923
0.201994 0.378692 0.323872 0.0180418 -0.137509 0.066087 0.16321 0.393603 0.338474 0.00632989 -0.149392 0.0762829
0.160642 0.435691 -0.148801 -0.0317713 -0.2045 0.131601 0.182848 0.482912 -0.185323 -0.0863887 -0.218903 0.107532
-0.969854 0.0121735 0.057473 -0.118631 0.256653 -0.294601 -0.943006 0.0270018 0.0803365 -0.132687 0.268083 -0.279472
0.27814 0.177178 0.216026 0.00897828 -0.0424333 0.0535081 0.281684 0.208683 0.190154 0.0110859 -0.0518325 0.0455294
0.48454 0.109849 0.0273389 0.136604 0.124457 0.254964 0.518118 0.107741 0.0348204 0.1431 0.136668 0.247744
1.82741 0.0289069 0.0926448 0.574336 0.050463 0.469997 1.8123 0.00294935 0.0759018 0.574502 -0.000661505 0.443049
0.0834274 0.173092 0.0348289 -0.0694917 -0.0117321 0.0389835 0.0944414 0.190573 0.0563234 -0.0625991 0.0060202 0.0190406
0.989295 0.935924 1.0157 0.0545349 -0.201429 0.214105 1.00245 0.888156 1.02556 0.0258057 -0.163388 0.200041
-0.00328265 -0.125078 -0.128052 0.0126135 0.0568982 0.0189206 -0.0234534 -0.132519 -0.0910985 -0.000943534 0.0609477 0.0170969
0.262419 1.22608 0.544932 -0.328288 -0.333307 0.581831 0.213093 1.20693 0.494645 -0.345648 -0.322119 0.57382
0.0386142 0.0437396 0.178385 -0.0530072 0.00412252 -0.0187315 0.0267934 0.0652376 0.160767 -0.0717695 0.0218694 -0.044013
-1.36911 -0.5299 -0.658818 0.117919 -0.163147 0.0467989 -1.37589 -0.512928 -0.675025 0.113125 -0.184377 0.020143
-0.0282582 0.248434 0.151251 -0.0352067 0.0287673 0.0214039 -0.0344922 0.21897 0.178564 -0.0557334 0.0256534 0.0170043
0.00328743 -0.0046464 -0.0270165 0.0250138 0.125877 -0.00174212 -0.00902467 0.0220257 -0.017347 0.024473 0.139864 -0.0129051
-0.0958763 0.417416 1.57471 0.158383 0.126296 0.266383 -0.12041 0.440309 1.55664 0.115779 0.0943078 0.274078
-0.0443959 0.631772 0.0604879 -0.00880906 0.0810668 -0.383062 -0.0231498 0.653035 0.0459301 -0.00731495 0.0849892 -0.402057
-0.104613 0.305254 0.103832 -0.0485216 -0.202202 0.0528172 -0.125966 0.296352 0.125874 -0.0833976 -0.170254 0.0159704
0.447248 0.705318 1.24846 0.390773 -0.218546 -0.231821 0.470582 0.714114 1.22773 0.351173 -0.139504 -0.248714
0.228395 -0.585994 0.238989 -0.107402 0.174954 -0.41974 0.259515 -0.551119 0.235504 -0.106563 0.190651 -0.425618
-0.644366 -0.651253 -0.60332 -0.0316275 0.416658 0.25313 -0.680283 -0.667721 -0.479475 -0.00703446 0.344131 0.236015
0.737595 0.965421 1.00399 -0.0296122 -0.0241543 0.157652 0.788711 0.967411 1.01077 -0.0612961 -0.0570939 0.137806
-0.144919 -0.0916644 -0.0300879 0.126106 -0.0390191 -0.0103923 -0.125883 -0.0640913 -0.0413602 0.126682 -0.0536842 -0.00328898
0.212791 0.155929 0.197781 -0.0135312 0.0921379 0.0456939 0.218976 0.164054 0.183789 -0.058594 0.075121 0.0543802
1.31997 0.453591 1.39711 -0.07299 0.637201 0.436132 1.33186 0.448949 1.38888 -0.0695478 0.642112 0.5062
-0.737242 1.02493 -0.23344 0.536955 0.0827775 -0.0678038 -0.783619 1.06339 -0.243873 0.48918 0.0972099 -0.0832118
1.03369 0.301212 -0.0547226 -0.188206 0.0179094 -0.483848 1.02846 0.315836 -0.0627596 -0.185618 0.0180671 -0.496171
-0.223874 -0.0402244 -0.0755481 0.0641842 -0.0142585 -0.00548474 -0.217134 -0.0387773 -0.0459549 0.0613821 0.0244097 -0.0234233
2.41756 1.20373 2.37136 -0.470954 0.789498 -0.0516022 2.44514 1.2221 2.35322 -0.50977 0.778406 -0.0570124
0.129284 0.183481 0.291359 -0.210686 -0.101259 -0.00385347 0.0963962 0.193411 0.30207 -0.200409 -0.11545 -0.00830797
-0.242263 0.409296 1.59687 -0.378687 0.640593 0.00367037 -0.25301 0.409314 1.60977 -0.392123 0.651031 0.0215393
-0.666958 -0.544314 0.0654553 0.073676 -0.259835 -0.145855 -0.668236 -0.559925 0.0569313 0.0629434 -0.280877 -0.174561
-0.136372 0.00506992 0.140299 0.0289147 0.0572055 -0.0446463 -0.126169 -0.0056987 0.130601 0.008595 0.060457 -0.0386542
0.0458108 0.316313 0.292228 0.0588634 -0.212871 -0.024762 0.0366123 0.30416 0.283416 0.059295 -0.207054 -0.0419654
0.957528 1.18983 2.28986 -0.158385 -0.276514 0.36547 0.928876 1.1582 2.26983 -0.19151 -0.295563 0.34982
-0.845195 0.135666 0.0544745 0.394223 -0.0416088 0.0404099 -0.913017 0.12219 0.027846 0.422351 -0.0474118 0.0815556
0.685195 0.421185 -0.025249 -0.562735 1.04876 -0.603722 0.715382 0.47158 -0.0639583 -0.590436 1.10742 -0.600595
-0.0656351 -0.0750187 -0.0733762 -0.0443542 0.0367858 -0.00388306 -0.0574418 -0.0769454 -0.0753124 -0.0398109 0.0300887 0.0039483
0.896849 1.29281 0.26223 -0.470457 0.00360874 0.134525 0.902877 1.31511 0.221747 -0.471566 0.00795806 0.142305
1.36587 -0.148958 0.695067 -0.187701 -0.123495 -0.173128 1.36448 -0.110367 0.675434 -0.196007 -0.127239 -0.156765
-0.240314 1.05878 0.594275 -0.772045 0.603131 -0.20473 -0.279578 1.09825 0.568516 -0.78353 0.610028 -0.271048
-0.158974 1.98178 0.65817 -0.147864 0.641055 -0.188949 -0.153112 2.0423 0.653999 -0.149241 0.652443 -0.194889
-0.351808 -0.00763464 -0.0744243 -0.184625 -0.0958776 -0.311321 -0.314316 0.00324806 -0.0752022 -0.204728 -0.0694004 -0.324093
-0.0187405 -0.0577458 0.0836682 -0.0225675 -0.0139325 0.0128894 -0.0110334 -0.0497565 0.0897592 -0.0313235 -0.0463961 -0.00283815
0.0797963 1.7496 -0.160801 -0.838469 0.38253 -0.0950133 0.113658 1.76379 -0.195987 -0.912358 0.376543 -0.113054
2.53148 0.542671 0.957066 -0.439406 0.260075 -0.157974 2.52368 0.537245 0.985617 -0.454447 0.272529 -0.180389
2.06272 1.10518 0.619313 0.0592319 0.158857 0.0405669 2.15639 1.1002 0.602711 0.0163914 0.163404 0.0257339
0.247523 0.368912 0.286804 -0.101169 0.00464969 0.134179 0.267564 0.400198 0.279224 -0.0865065 0.00647936 0.0970607
-0.746612 -0.118097 0.347695 -0.195905 0.0161225 -0.621235 -0.768245 -0.115574 0.348813 -0.2011 0.0231729 -0.622109
0.984923 1.6663 0.196568 -0.453312 -0.484481 0.0423924 0.992334 1.64967 0.199643 -0.431532 -0.485253 0.0258214
2.19888 0.104743 0.436578 0.0831056 0.171589 0.3293 2.24649 0.0840051 0.427404 0.0635508 0.180707 0.358139
0.0167191 -0.0563859 0.00402898 0.00134365 -0.0927256 0.0307234 0.00463231 -0.0327312 0.0412387 -0.000904327 -0.0841338 0.0530814
0.0933497 0.162166 0.0873928 -0.0736306 -0.0189992 0.000694895 0.098333 0.148368 0.0883903 -0.0597868 -0.0272923 0.0092465
0.0161604 -0.204304 -0.139956 0.0401164 -0.00816639 0.0113849 0.00983897 -0.208554 -0.184574 0.038391 -0.0108203 0.0263614
-0.037769 -0.040241 0.0365101 0.00664883 -0.00915781 -0.0530779 -0.0417963 -0.0661623 -0.0115214 0.0111197 -0.0462675 -0.0266036
0.0559747 0.0774985 0.0934236 0.00825597 0.0346349 0.000822559 0.0410062 0.0584836 0.123085 -0.00242692 0.0737951 0.0139216
-0.00853374 -0.0704133 -0.104259 -0.0147852 -0.0029947 -0.00591825 0.0165892 -0.0935599 -0.117741 -0.00234009 0.00238504 -0.00125177
0.0376589 0.0747414 0.192259 -0.0855102 0.0300264 -0.0619168 -0.0114519 0.0852839 0.194312 -0.0674313 -0.0172343 0.00099
-0.0751377 -0.0181223 -0.0492615 0.0331464 0.0457419 0.0770979 -0.0666127 -0.0360856 -0.0149239 0.0285903 0.0541097 0.0775933
0.0491353 0.114552 0.168649 -0.0276116 0.147705 -0.0950864 0.0268912 0.127542 0.169784 -0.0237642 0.165949 -0.108081
-0.0933432 -0.126587 -0.113968 0.0092048 0.00892104 -0.0116649 -0.0693391 -0.112507 -0.141583 0.0330028 -0.0033296 0.0234507
0.0569746 0.266438 -0.0338085 -0.037519 -0.0372314 0.0177412 0.0660188 0.31718 -0.0737039 -0.0340966 -0.0367779 0.0199355
-0.0598001 -0.0818371 0.0897758 0.0546474 -0.00831601 0.0146621 -0.0590117 -0.105926 0.0970074 0.0584029 -0.0120773 0.0235714
-0.0226364 0.0757118 0.0361521 -0.0214334 0.0605161 -0.0769691 -0.0201272 0.08816 0.117953 -0.0342908 0.0571148 -0.0630651
-0.129243 -0.227067 -0.0462939 -0.025942 0.0448483 -0.0592595 -0.0731895 -0.263583 -0.0625952 -0.0160277 0.0630994 -0.0640591
-0.159338 -0.0505619 0.0316091 0.0667849 -0.0315261 -0.027946 -0.158267 -0.133577 0.0364024 0.0636926 -0.00920031 -0.00542984
0.472124 -0.0143684 0.119763 0.00470364 0.00529311 0.111742 0.461738 -0.0398356 0.10716 -0.00149256 -0.0024494 0.15602
0.0540572 0.293837 0.238961 0.0934988 0.0119477 -0.0366704 0.0318945 0.312572 0.280414 0.102753 0.015931 -0.0477594
0.0590188 -0.128524 -0.0151196 -0.0235561 0.0281938 0.053135 0.0910405 -0.13949 -0.0273921 -0.00977298 0.0162401 0.0733551
-0.0775691 0.0137996 0.11247 -0.0205614 -0.0947733 0.000429109 -0.0600225 0.0186908 0.13086 -0.025641 -0.096134 0.0102789
0.0848614 0.0136406 0.105442 -0.0589538 0.0115747 0.0328665 0.0811101 -0.0213606 0.0934072 -0.0308258 -0.00677631 0.0266224
-0.0814399 -0.0356207 -0.13922 0.0484432 0.082554 0.0274889 -0.101763 -0.0350055 -0.120746 0.0429676 0.0608729 0.00896057
0.149009 -0.0285824 0.218457 -0.0180934 0.0242459 0.00920445 0.190429 -0.00870935 0.222403 -0.0235877 0.0339315 0.0244929
-0.0747128 -0.0261206 -0.0523436 -0.0456215 -0.00220348 -0.0224183 -0.122751 -0.0205866 -0.0441821 -0.0466056 -0.00382209 -0.0182805
-0.0444329 -0.0553225 0.0440617 0.0476868 -0.0579288 0.00848769 -0.0257211 -0.0825107 -0.0131098 0.0556878 -0.0669147 0.0112708
-0.00994188 -0.161112 -0.0123186 -0.108912 -0.00519603 -0.061562 -0.0480321 -0.173374 -0.0464345 -0.0964118 0.00608423 -0.0592876
0.0787498 0.0542238 0.092225 0.0240891 0.069688 0.045279 0.0682442 0.0638762 0.0802454 0.0127802 0.0713591 0.0408833
-0.0838159 -0.149931 -0.0344724 -0.0423777 -0.000192445 0.00920705 -0.013381 -0.155873 -0.0922563 -0.0155594 0.00166394 0.0381472
0.217635 -0.0220573 0.129351 -0.0316636 -0.0139466 -0.0435864 0.186317 -0.0336691 0.116619 -0.046214 -0.0434025 -0.0192846
0.00514028 0.0459304 -0.0976958 0.0257311 0.0105285 -0.0109857 0.0286747 0.106165 -0.139967 0.055773 0.00888186 -0.0122026
-0.0301221 0.00108768 -0.051861 -0.00492644 0.0033538 0.0652114 -0.0328805 0.0420147 -0.0635865 -0.00734271 0.0113354 0.0824812
-0.00426195 -0.011594 -0.0650867 -0.0216758 -0.0185265 0.0346678 -0.0194068 -0.0495168 -0.0591259 -0.0509984 0.00249675 0.0317212
-0.109394 -0.00729944 -0.080534 -0.0119622 -0.00148558 -0.00112894 -0.09356 0.00183953 -0.0847366 0.0122912 0.00762422 -0.0261201
-0.0190676 0.123466 0.0635236 -0.113954 0.0138825 -0.0452681 -0.019011 0.100813 0.0185227 -0.119774 -0.0212267 -0.0889884
-0.025609 -0.00781802 -0.00914976 -0.00565155 0.0744162 0.0287414 -0.0232546 0.0564681 -0.0068126 -0.00468331 0.0575884 0.00673472
0.0194732 -0.023477 -0.0210086 -0.0467943 0.0244712 0.0186505 0.00303359 -0.0454936 -0.022607 -0.035833 0.0217542 -0.0239575
-0.0043192 -0.00481491 0.0330638 -0.00654251 0.011467 0.0336241 0.00756434 -0.0383973 0.0326007 0.0111034 0.0156787 0.0341693
-0.130686 0.0663449 0.00357545 0.0292186 -0.0504756 0.0159303 -0.123889 0.0606342 -0.033183 0.0463572 -0.0784573 -0.0129575
0.00695708 0.0626102 0.0652658 0.00955573 -0.0472327 -0.00717615 0.0129911 0.0746993 0.0867059 -0.0142908 -0.0952298 -0.00331992
-0.0201266 -0.0933157 0.0438793 -0.0562412 0.0531156 -0.140696 -0.0172568 -0.106437 0.0228009 -0.057307 0.0617737 -0.155416
-0.107703 -0.076345 -0.0385456 -0.0477001 0.0113019 0.0154875 -0.0847239 -0.0905046 -0.106304 -0.0593316 -0.00495661 0.00270678
0.0136265 0.0423037 -0.0168122 -0.0182625 -0.0401555 -0.0256578 -0.0352778 0.0931612 -0.00057952 -0.0215218 -0.0865407 -0.0655736
0.0502427 0.0223563 -0.0586202 -0.024534 0.045841 -0.0248451 0.071838 -0.00380876 -0.0474967 -0.0379359 0.0323846 -0.0562303
0.0532808 -0.145592 -0.229828 -0.0336825 0.0534156 -0.00586673 0.0353241 -0.139347 -0.212083 -0.0438218 0.0617939 -0.0189358
0.0193502 0.222239 0.132764 -0.0470106 -0.0721619 -0.0336141 0.00696684 0.209051 0.0909544 -0.0535345 -0.0748567 -0.0381884
-0.0485309 0.0876638 0.0631622 0.00803753 -0.0659134 -0.0249409 -0.0504533 0.100791 0.0602654 0.00965733 -0.0989498 -0.0242198
0.0494187 -0.232571 0.136233 0.00713469 0.0470004 -0.0321336 0.0483304 -0.250712 0.164227 0.00874084 0.0784967 -0.0278748
-0.203142 -0.345022 -0.737834 0.0720731 0.0305847 -0.00302435 -0.214597 -0.385758 -0.700629 0.072885 0.0163753 0.02158
0.0538509 0.0237362 0.021318 -0.0188985 0.0143597 -0.0582836 0.0565036 -0.0141062 0.0200042 -0.00978902 0.0353436 -0.0494747
-0.0731931 -0.0734805 -0.177377 0.0390226 -0.0483647 0.0594516 -0.0640525 -0.107705 -0.129338 0.0201082 -0.0347756 0.0360932
0.158135 0.00629295 0.0793461 0.0366857 -0.0673701 0.13367 0.18533 -0.0222181 0.071124 -0.00671209 -0.0701104 0.127578
-0.546282 -0.0140739 0.176372 -0.00127906 -0.0230003 -0.120709 -0.525206 -0.0151049 0.22712 -0.0072567 -0.0224399 -0.0749893
